

Microchip Technology PIC LITE Macro Assembler V2.00 build -1524193055 
                                                                                               Thu Apr 22 13:35:41 2021

Microchip Technology Omniscient Code Generator v2.00 (Free mode) build 20180527130849
     1  0000                     
      + 0000                     
     2                           ; Version 2.00
     3                           ; Generated 27/05/2018 GMT
     4                           
     5                           ; 
     6                           ; Copyright © 2018, Microchip Technology Inc. and its subsidiaries ("Microchip")
     7                           ; All rights reserved.
     8                           ; 
     9                           ; This software is developed by Microchip Technology Inc. and its subsidiaries ("Microch
                                 ip").
    10                           ; 
    11                           ; Redistribution and use in source and binary forms, with or without modification, are
    12                           ; permitted provided that the following conditions are met:
    13                           ; 
    14                           ;     1. Redistributions of source code must retain the above copyright notice, this lis
                                 t of
    15                           ;        conditions and the following disclaimer.
    16                           ; 
    17                           ;     2. Redistributions in binary form must reproduce the above copyright notice, this 
                                 list
    18                           ;        of conditions and the following disclaimer in the documentation and/or other
    19                           ;        materials provided with the distribution.
    20                           ; 
    21                           ;     3. Microchip's name may not be used to endorse or promote products derived from th
                                 is
    22                           ;        software without specific prior written permission.
    23                           ; 
    24                           ; THIS SOFTWARE IS PROVIDED BY MICROCHIP "AS IS" AND ANY EXPRESS OR IMPLIED WARRANTIES,

    25                           ; INCLUDING, BUT NOT LIMITED TO, THE IMPLIED WARRANTIES OF MERCHANTABILITY AND FITNESS F
                                 OR
    26                           ; PURPOSE ARE DISCLAIMED.  IN NO EVENT SHALL MICROCHIP BE LIABLE FOR ANY DIRECT, INDIREC
                                 T,
    27                           ; INCIDENTAL, SPECIAL, EXEMPLARY, OR CONSEQUENTIAL DAMAGES (INCLUDING BUT NOT LIMITED TO
                                 
    28                           ; PROCUREMENT OF SUBSTITUTE GOODS OR SERVICES; LOSS OF USE, DATA OR PROFITS; OR BUSINESS
                                 
    29                           ; INTERRUPTION) HOWSOEVER CAUSED AND ON ANY THEORY OF LIABILITY, WHETHER IN CONTRACT, ST
                                 RICT
    30                           ; LIABILITY, OR TORT (INCLUDING NEGLIGENCE OR OTHERWISE) ARISING IN ANY WAY OUT OF THE U
                                 SE OF
    31                           ; THIS SOFTWARE, EVEN IF ADVISED OF THE POSSIBILITY OF SUCH DAMAGE.
    32                           ; 
    33                           
    34                           
    35                           ; 
    36                           ; Code-generator required, PIC16F887 Definitions
    37                           ; 
    38  0004                     fsr0 equ 04h
    39  0004                     indf equ 00h
    40  0000                     indf0 equ 00h
    41  0000                     pc equ 02h
    42  0002                     pcl equ 02h
    43  0002                     pclath equ 0Ah
    44  000A                     status equ 03h
    45  0003                     
     2                           opt pagewidth 120
     3  0000                     byte0	macro	val
     4                           	(getbyte(val,0))
     5                           endm
     6  0000                     byte1	macro	val
     7                           	(getbyte(val,1))
     8                           endm
     9  0000                     byte2	macro	val
    10                           	(getbyte(val,2))
    11                           endm
    12  0000                     byte3	macro	val
    13                           	(getbyte(val,3))
    14                           endm
    15  0000                     byte4	macro	val
    16                           	(getbyte(val,4))
    17                           endm
    18  0000                     byte5	macro	val
    19                           	(getbyte(val,5))
    20                           endm
    21  0000                     byte6	macro	val
    22                           	(getbyte(val,6))
    23                           endm
    24  0000                     byte7	macro	val
    25                           	(getbyte(val,7))
    26                           endm
    27  0000                     getword	macro	val,pos
    28                           	(((val) >> (8 * pos)) and 0xffff)
    29                           endm
    30  0000                     word0	macro	val
    31                           	(getword(val,0))
    32                           endm
    33  0000                     word1	macro	val
    34                           	(getword(val,2))
    35                           endm
    36  0000                     word2	macro	val
    37                           	(getword(val,4))
    38                           endm
    39  0000                     word3	macro	val
    40                           	(getword(val,6))
    41                           endm
    42  0000                     gettword	macro	val,pos
    43                           	(((val) >> (8 * pos)) and 0xffffff)
    44                           endm
    45  0000                     tword0	macro	val
    46                           	(gettword(val,0))
    47                           endm
    48  0000                     tword1	macro	val
    49                           	(gettword(val,3))
    50                           endm
    51  0000                     tword2	macro	val
    52                           	(gettword(val,6))
    53                           endm
    54  0000                     getdword	macro	val,pos
    55                           	(((val) >> (8 * pos)) and 0xffffffff)
    56                           endm
    57  0000                     dword0	macro	val
    58                           	(getdword(val,0))
    59                           endm
    60  0000                     dword1	macro	val
    61                           	(getdword(val,4))
    62                           endm
    63  0000                     clrc	macro
    64                           	bcf	3,0
    65                           	endm
    66  0000                     clrz	macro
    67                           	bcf	3,2
    68                           	endm
    69  0000                     setc	macro
    70                           	bsf	3,0
    71                           	endm
    72  0000                     setz	macro
    73                           	bsf	3,2
    74                           	endm
    75  0000                     skipc	macro
    76                           	btfss	3,0
    77                           	endm
    78  0000                     skipz	macro
    79                           	btfss	3,2
    80                           	endm
    81  0000                     skipnc	macro
    82                           	btfsc	3,0
    83                           	endm
    84  0000                     skipnz	macro
    85                           	btfsc	3,2
    86                           	endm
    87  0000                     # 54 "C:\Program Files (x86)\Microchip\xc8\v2.00\pic\include\pic16f887.h"
    88                           INDF equ 00h ;# 
    89  0000                     # 61 "C:\Program Files (x86)\Microchip\xc8\v2.00\pic\include\pic16f887.h"
    90                           TMR0 equ 01h ;# 
    91  0001                     # 68 "C:\Program Files (x86)\Microchip\xc8\v2.00\pic\include\pic16f887.h"
    92                           PCL equ 02h ;# 
    93  0002                     # 75 "C:\Program Files (x86)\Microchip\xc8\v2.00\pic\include\pic16f887.h"
    94                           STATUS equ 03h ;# 
    95  0003                     # 161 "C:\Program Files (x86)\Microchip\xc8\v2.00\pic\include\pic16f887.h"
    96                           FSR equ 04h ;# 
    97  0004                     # 168 "C:\Program Files (x86)\Microchip\xc8\v2.00\pic\include\pic16f887.h"
    98                           PORTA equ 05h ;# 
    99  0005                     # 230 "C:\Program Files (x86)\Microchip\xc8\v2.00\pic\include\pic16f887.h"
   100                           PORTB equ 06h ;# 
   101  0006                     # 292 "C:\Program Files (x86)\Microchip\xc8\v2.00\pic\include\pic16f887.h"
   102                           PORTC equ 07h ;# 
   103  0007                     # 354 "C:\Program Files (x86)\Microchip\xc8\v2.00\pic\include\pic16f887.h"
   104                           PORTD equ 08h ;# 
   105  0008                     # 416 "C:\Program Files (x86)\Microchip\xc8\v2.00\pic\include\pic16f887.h"
   106                           PORTE equ 09h ;# 
   107  0009                     # 454 "C:\Program Files (x86)\Microchip\xc8\v2.00\pic\include\pic16f887.h"
   108                           PCLATH equ 0Ah ;# 
   109  000A                     # 461 "C:\Program Files (x86)\Microchip\xc8\v2.00\pic\include\pic16f887.h"
   110                           INTCON equ 0Bh ;# 
   111  000B                     # 539 "C:\Program Files (x86)\Microchip\xc8\v2.00\pic\include\pic16f887.h"
   112                           PIR1 equ 0Ch ;# 
   113  000C                     # 595 "C:\Program Files (x86)\Microchip\xc8\v2.00\pic\include\pic16f887.h"
   114                           PIR2 equ 0Dh ;# 
   115  000D                     # 652 "C:\Program Files (x86)\Microchip\xc8\v2.00\pic\include\pic16f887.h"
   116                           TMR1 equ 0Eh ;# 
   117  000E                     # 659 "C:\Program Files (x86)\Microchip\xc8\v2.00\pic\include\pic16f887.h"
   118                           TMR1L equ 0Eh ;# 
   119  000E                     # 666 "C:\Program Files (x86)\Microchip\xc8\v2.00\pic\include\pic16f887.h"
   120                           TMR1H equ 0Fh ;# 
   121  000F                     # 673 "C:\Program Files (x86)\Microchip\xc8\v2.00\pic\include\pic16f887.h"
   122                           T1CON equ 010h ;# 
   123  0010                     # 767 "C:\Program Files (x86)\Microchip\xc8\v2.00\pic\include\pic16f887.h"
   124                           TMR2 equ 011h ;# 
   125  0011                     # 774 "C:\Program Files (x86)\Microchip\xc8\v2.00\pic\include\pic16f887.h"
   126                           T2CON equ 012h ;# 
   127  0012                     # 845 "C:\Program Files (x86)\Microchip\xc8\v2.00\pic\include\pic16f887.h"
   128                           SSPBUF equ 013h ;# 
   129  0013                     # 852 "C:\Program Files (x86)\Microchip\xc8\v2.00\pic\include\pic16f887.h"
   130                           SSPCON equ 014h ;# 
   131  0014                     # 922 "C:\Program Files (x86)\Microchip\xc8\v2.00\pic\include\pic16f887.h"
   132                           CCPR1 equ 015h ;# 
   133  0015                     # 929 "C:\Program Files (x86)\Microchip\xc8\v2.00\pic\include\pic16f887.h"
   134                           CCPR1L equ 015h ;# 
   135  0015                     # 936 "C:\Program Files (x86)\Microchip\xc8\v2.00\pic\include\pic16f887.h"
   136                           CCPR1H equ 016h ;# 
   137  0016                     # 943 "C:\Program Files (x86)\Microchip\xc8\v2.00\pic\include\pic16f887.h"
   138                           CCP1CON equ 017h ;# 
   139  0017                     # 1040 "C:\Program Files (x86)\Microchip\xc8\v2.00\pic\include\pic16f887.h"
   140                           RCSTA equ 018h ;# 
   141  0018                     # 1135 "C:\Program Files (x86)\Microchip\xc8\v2.00\pic\include\pic16f887.h"
   142                           TXREG equ 019h ;# 
   143  0019                     # 1142 "C:\Program Files (x86)\Microchip\xc8\v2.00\pic\include\pic16f887.h"
   144                           RCREG equ 01Ah ;# 
   145  001A                     # 1149 "C:\Program Files (x86)\Microchip\xc8\v2.00\pic\include\pic16f887.h"
   146                           CCPR2 equ 01Bh ;# 
   147  001B                     # 1156 "C:\Program Files (x86)\Microchip\xc8\v2.00\pic\include\pic16f887.h"
   148                           CCPR2L equ 01Bh ;# 
   149  001B                     # 1163 "C:\Program Files (x86)\Microchip\xc8\v2.00\pic\include\pic16f887.h"
   150                           CCPR2H equ 01Ch ;# 
   151  001C                     # 1170 "C:\Program Files (x86)\Microchip\xc8\v2.00\pic\include\pic16f887.h"
   152                           CCP2CON equ 01Dh ;# 
   153  001D                     # 1240 "C:\Program Files (x86)\Microchip\xc8\v2.00\pic\include\pic16f887.h"
   154                           ADRESH equ 01Eh ;# 
   155  001E                     # 1247 "C:\Program Files (x86)\Microchip\xc8\v2.00\pic\include\pic16f887.h"
   156                           ADCON0 equ 01Fh ;# 
   157  001F                     # 1348 "C:\Program Files (x86)\Microchip\xc8\v2.00\pic\include\pic16f887.h"
   158                           OPTION_REG equ 081h ;# 
   159  0081                     # 1418 "C:\Program Files (x86)\Microchip\xc8\v2.00\pic\include\pic16f887.h"
   160                           TRISA equ 085h ;# 
   161  0085                     # 1480 "C:\Program Files (x86)\Microchip\xc8\v2.00\pic\include\pic16f887.h"
   162                           TRISB equ 086h ;# 
   163  0086                     # 1542 "C:\Program Files (x86)\Microchip\xc8\v2.00\pic\include\pic16f887.h"
   164                           TRISC equ 087h ;# 
   165  0087                     # 1604 "C:\Program Files (x86)\Microchip\xc8\v2.00\pic\include\pic16f887.h"
   166                           TRISD equ 088h ;# 
   167  0088                     # 1666 "C:\Program Files (x86)\Microchip\xc8\v2.00\pic\include\pic16f887.h"
   168                           TRISE equ 089h ;# 
   169  0089                     # 1704 "C:\Program Files (x86)\Microchip\xc8\v2.00\pic\include\pic16f887.h"
   170                           PIE1 equ 08Ch ;# 
   171  008C                     # 1760 "C:\Program Files (x86)\Microchip\xc8\v2.00\pic\include\pic16f887.h"
   172                           PIE2 equ 08Dh ;# 
   173  008D                     # 1817 "C:\Program Files (x86)\Microchip\xc8\v2.00\pic\include\pic16f887.h"
   174                           PCON equ 08Eh ;# 
   175  008E                     # 1864 "C:\Program Files (x86)\Microchip\xc8\v2.00\pic\include\pic16f887.h"
   176                           OSCCON equ 08Fh ;# 
   177  008F                     # 1929 "C:\Program Files (x86)\Microchip\xc8\v2.00\pic\include\pic16f887.h"
   178                           OSCTUNE equ 090h ;# 
   179  0090                     # 1981 "C:\Program Files (x86)\Microchip\xc8\v2.00\pic\include\pic16f887.h"
   180                           SSPCON2 equ 091h ;# 
   181  0091                     # 2043 "C:\Program Files (x86)\Microchip\xc8\v2.00\pic\include\pic16f887.h"
   182                           PR2 equ 092h ;# 
   183  0092                     # 2050 "C:\Program Files (x86)\Microchip\xc8\v2.00\pic\include\pic16f887.h"
   184                           SSPADD equ 093h ;# 
   185  0093                     # 2057 "C:\Program Files (x86)\Microchip\xc8\v2.00\pic\include\pic16f887.h"
   186                           SSPMSK equ 093h ;# 
   187  0093                     # 2062 "C:\Program Files (x86)\Microchip\xc8\v2.00\pic\include\pic16f887.h"
   188                           MSK equ 093h ;# 
   189  0093                     # 2179 "C:\Program Files (x86)\Microchip\xc8\v2.00\pic\include\pic16f887.h"
   190                           SSPSTAT equ 094h ;# 
   191  0094                     # 2348 "C:\Program Files (x86)\Microchip\xc8\v2.00\pic\include\pic16f887.h"
   192                           WPUB equ 095h ;# 
   193  0095                     # 2418 "C:\Program Files (x86)\Microchip\xc8\v2.00\pic\include\pic16f887.h"
   194                           IOCB equ 096h ;# 
   195  0096                     # 2488 "C:\Program Files (x86)\Microchip\xc8\v2.00\pic\include\pic16f887.h"
   196                           VRCON equ 097h ;# 
   197  0097                     # 2558 "C:\Program Files (x86)\Microchip\xc8\v2.00\pic\include\pic16f887.h"
   198                           TXSTA equ 098h ;# 
   199  0098                     # 2644 "C:\Program Files (x86)\Microchip\xc8\v2.00\pic\include\pic16f887.h"
   200                           SPBRG equ 099h ;# 
   201  0099                     # 2706 "C:\Program Files (x86)\Microchip\xc8\v2.00\pic\include\pic16f887.h"
   202                           SPBRGH equ 09Ah ;# 
   203  009A                     # 2776 "C:\Program Files (x86)\Microchip\xc8\v2.00\pic\include\pic16f887.h"
   204                           PWM1CON equ 09Bh ;# 
   205  009B                     # 2846 "C:\Program Files (x86)\Microchip\xc8\v2.00\pic\include\pic16f887.h"
   206                           ECCPAS equ 09Ch ;# 
   207  009C                     # 2928 "C:\Program Files (x86)\Microchip\xc8\v2.00\pic\include\pic16f887.h"
   208                           PSTRCON equ 09Dh ;# 
   209  009D                     # 2972 "C:\Program Files (x86)\Microchip\xc8\v2.00\pic\include\pic16f887.h"
   210                           ADRESL equ 09Eh ;# 
   211  009E                     # 2979 "C:\Program Files (x86)\Microchip\xc8\v2.00\pic\include\pic16f887.h"
   212                           ADCON1 equ 09Fh ;# 
   213  009F                     # 3013 "C:\Program Files (x86)\Microchip\xc8\v2.00\pic\include\pic16f887.h"
   214                           WDTCON equ 0105h ;# 
   215  0105                     # 3066 "C:\Program Files (x86)\Microchip\xc8\v2.00\pic\include\pic16f887.h"
   216                           CM1CON0 equ 0107h ;# 
   217  0107                     # 3131 "C:\Program Files (x86)\Microchip\xc8\v2.00\pic\include\pic16f887.h"
   218                           CM2CON0 equ 0108h ;# 
   219  0108                     # 3196 "C:\Program Files (x86)\Microchip\xc8\v2.00\pic\include\pic16f887.h"
   220                           CM2CON1 equ 0109h ;# 
   221  0109                     # 3247 "C:\Program Files (x86)\Microchip\xc8\v2.00\pic\include\pic16f887.h"
   222                           EEDATA equ 010Ch ;# 
   223  010C                     # 3252 "C:\Program Files (x86)\Microchip\xc8\v2.00\pic\include\pic16f887.h"
   224                           EEDAT equ 010Ch ;# 
   225  010C                     # 3259 "C:\Program Files (x86)\Microchip\xc8\v2.00\pic\include\pic16f887.h"
   226                           EEADR equ 010Dh ;# 
   227  010D                     # 3266 "C:\Program Files (x86)\Microchip\xc8\v2.00\pic\include\pic16f887.h"
   228                           EEDATH equ 010Eh ;# 
   229  010E                     # 3273 "C:\Program Files (x86)\Microchip\xc8\v2.00\pic\include\pic16f887.h"
   230                           EEADRH equ 010Fh ;# 
   231  010F                     # 3280 "C:\Program Files (x86)\Microchip\xc8\v2.00\pic\include\pic16f887.h"
   232                           SRCON equ 0185h ;# 
   233  0185                     # 3337 "C:\Program Files (x86)\Microchip\xc8\v2.00\pic\include\pic16f887.h"
   234                           BAUDCTL equ 0187h ;# 
   235  0187                     # 3389 "C:\Program Files (x86)\Microchip\xc8\v2.00\pic\include\pic16f887.h"
   236                           ANSEL equ 0188h ;# 
   237  0188                     # 3451 "C:\Program Files (x86)\Microchip\xc8\v2.00\pic\include\pic16f887.h"
   238                           ANSELH equ 0189h ;# 
   239  0189                     # 3501 "C:\Program Files (x86)\Microchip\xc8\v2.00\pic\include\pic16f887.h"
   240                           EECON1 equ 018Ch ;# 
   241  018C                     # 3546 "C:\Program Files (x86)\Microchip\xc8\v2.00\pic\include\pic16f887.h"
   242                           EECON2 equ 018Dh ;# 
   243  018D                     # 54 "C:\Program Files (x86)\Microchip\xc8\v2.00\pic\include\pic16f887.h"
   244                           INDF equ 00h ;# 
   245  0000                     # 61 "C:\Program Files (x86)\Microchip\xc8\v2.00\pic\include\pic16f887.h"
   246                           TMR0 equ 01h ;# 
   247  0001                     # 68 "C:\Program Files (x86)\Microchip\xc8\v2.00\pic\include\pic16f887.h"
   248                           PCL equ 02h ;# 
   249  0002                     # 75 "C:\Program Files (x86)\Microchip\xc8\v2.00\pic\include\pic16f887.h"
   250                           STATUS equ 03h ;# 
   251  0003                     # 161 "C:\Program Files (x86)\Microchip\xc8\v2.00\pic\include\pic16f887.h"
   252                           FSR equ 04h ;# 
   253  0004                     # 168 "C:\Program Files (x86)\Microchip\xc8\v2.00\pic\include\pic16f887.h"
   254                           PORTA equ 05h ;# 
   255  0005                     # 230 "C:\Program Files (x86)\Microchip\xc8\v2.00\pic\include\pic16f887.h"
   256                           PORTB equ 06h ;# 
   257  0006                     # 292 "C:\Program Files (x86)\Microchip\xc8\v2.00\pic\include\pic16f887.h"
   258                           PORTC equ 07h ;# 
   259  0007                     # 354 "C:\Program Files (x86)\Microchip\xc8\v2.00\pic\include\pic16f887.h"
   260                           PORTD equ 08h ;# 
   261  0008                     # 416 "C:\Program Files (x86)\Microchip\xc8\v2.00\pic\include\pic16f887.h"
   262                           PORTE equ 09h ;# 
   263  0009                     # 454 "C:\Program Files (x86)\Microchip\xc8\v2.00\pic\include\pic16f887.h"
   264                           PCLATH equ 0Ah ;# 
   265  000A                     # 461 "C:\Program Files (x86)\Microchip\xc8\v2.00\pic\include\pic16f887.h"
   266                           INTCON equ 0Bh ;# 
   267  000B                     # 539 "C:\Program Files (x86)\Microchip\xc8\v2.00\pic\include\pic16f887.h"
   268                           PIR1 equ 0Ch ;# 
   269  000C                     # 595 "C:\Program Files (x86)\Microchip\xc8\v2.00\pic\include\pic16f887.h"
   270                           PIR2 equ 0Dh ;# 
   271  000D                     # 652 "C:\Program Files (x86)\Microchip\xc8\v2.00\pic\include\pic16f887.h"
   272                           TMR1 equ 0Eh ;# 
   273  000E                     # 659 "C:\Program Files (x86)\Microchip\xc8\v2.00\pic\include\pic16f887.h"
   274                           TMR1L equ 0Eh ;# 
   275  000E                     # 666 "C:\Program Files (x86)\Microchip\xc8\v2.00\pic\include\pic16f887.h"
   276                           TMR1H equ 0Fh ;# 
   277  000F                     # 673 "C:\Program Files (x86)\Microchip\xc8\v2.00\pic\include\pic16f887.h"
   278                           T1CON equ 010h ;# 
   279  0010                     # 767 "C:\Program Files (x86)\Microchip\xc8\v2.00\pic\include\pic16f887.h"
   280                           TMR2 equ 011h ;# 
   281  0011                     # 774 "C:\Program Files (x86)\Microchip\xc8\v2.00\pic\include\pic16f887.h"
   282                           T2CON equ 012h ;# 
   283  0012                     # 845 "C:\Program Files (x86)\Microchip\xc8\v2.00\pic\include\pic16f887.h"
   284                           SSPBUF equ 013h ;# 
   285  0013                     # 852 "C:\Program Files (x86)\Microchip\xc8\v2.00\pic\include\pic16f887.h"
   286                           SSPCON equ 014h ;# 
   287  0014                     # 922 "C:\Program Files (x86)\Microchip\xc8\v2.00\pic\include\pic16f887.h"
   288                           CCPR1 equ 015h ;# 
   289  0015                     # 929 "C:\Program Files (x86)\Microchip\xc8\v2.00\pic\include\pic16f887.h"
   290                           CCPR1L equ 015h ;# 
   291  0015                     # 936 "C:\Program Files (x86)\Microchip\xc8\v2.00\pic\include\pic16f887.h"
   292                           CCPR1H equ 016h ;# 
   293  0016                     # 943 "C:\Program Files (x86)\Microchip\xc8\v2.00\pic\include\pic16f887.h"
   294                           CCP1CON equ 017h ;# 
   295  0017                     # 1040 "C:\Program Files (x86)\Microchip\xc8\v2.00\pic\include\pic16f887.h"
   296                           RCSTA equ 018h ;# 
   297  0018                     # 1135 "C:\Program Files (x86)\Microchip\xc8\v2.00\pic\include\pic16f887.h"
   298                           TXREG equ 019h ;# 
   299  0019                     # 1142 "C:\Program Files (x86)\Microchip\xc8\v2.00\pic\include\pic16f887.h"
   300                           RCREG equ 01Ah ;# 
   301  001A                     # 1149 "C:\Program Files (x86)\Microchip\xc8\v2.00\pic\include\pic16f887.h"
   302                           CCPR2 equ 01Bh ;# 
   303  001B                     # 1156 "C:\Program Files (x86)\Microchip\xc8\v2.00\pic\include\pic16f887.h"
   304                           CCPR2L equ 01Bh ;# 
   305  001B                     # 1163 "C:\Program Files (x86)\Microchip\xc8\v2.00\pic\include\pic16f887.h"
   306                           CCPR2H equ 01Ch ;# 
   307  001C                     # 1170 "C:\Program Files (x86)\Microchip\xc8\v2.00\pic\include\pic16f887.h"
   308                           CCP2CON equ 01Dh ;# 
   309  001D                     # 1240 "C:\Program Files (x86)\Microchip\xc8\v2.00\pic\include\pic16f887.h"
   310                           ADRESH equ 01Eh ;# 
   311  001E                     # 1247 "C:\Program Files (x86)\Microchip\xc8\v2.00\pic\include\pic16f887.h"
   312                           ADCON0 equ 01Fh ;# 
   313  001F                     # 1348 "C:\Program Files (x86)\Microchip\xc8\v2.00\pic\include\pic16f887.h"
   314                           OPTION_REG equ 081h ;# 
   315  0081                     # 1418 "C:\Program Files (x86)\Microchip\xc8\v2.00\pic\include\pic16f887.h"
   316                           TRISA equ 085h ;# 
   317  0085                     # 1480 "C:\Program Files (x86)\Microchip\xc8\v2.00\pic\include\pic16f887.h"
   318                           TRISB equ 086h ;# 
   319  0086                     # 1542 "C:\Program Files (x86)\Microchip\xc8\v2.00\pic\include\pic16f887.h"
   320                           TRISC equ 087h ;# 
   321  0087                     # 1604 "C:\Program Files (x86)\Microchip\xc8\v2.00\pic\include\pic16f887.h"
   322                           TRISD equ 088h ;# 
   323  0088                     # 1666 "C:\Program Files (x86)\Microchip\xc8\v2.00\pic\include\pic16f887.h"
   324                           TRISE equ 089h ;# 
   325  0089                     # 1704 "C:\Program Files (x86)\Microchip\xc8\v2.00\pic\include\pic16f887.h"
   326                           PIE1 equ 08Ch ;# 
   327  008C                     # 1760 "C:\Program Files (x86)\Microchip\xc8\v2.00\pic\include\pic16f887.h"
   328                           PIE2 equ 08Dh ;# 
   329  008D                     # 1817 "C:\Program Files (x86)\Microchip\xc8\v2.00\pic\include\pic16f887.h"
   330                           PCON equ 08Eh ;# 
   331  008E                     # 1864 "C:\Program Files (x86)\Microchip\xc8\v2.00\pic\include\pic16f887.h"
   332                           OSCCON equ 08Fh ;# 
   333  008F                     # 1929 "C:\Program Files (x86)\Microchip\xc8\v2.00\pic\include\pic16f887.h"
   334                           OSCTUNE equ 090h ;# 
   335  0090                     # 1981 "C:\Program Files (x86)\Microchip\xc8\v2.00\pic\include\pic16f887.h"
   336                           SSPCON2 equ 091h ;# 
   337  0091                     # 2043 "C:\Program Files (x86)\Microchip\xc8\v2.00\pic\include\pic16f887.h"
   338                           PR2 equ 092h ;# 
   339  0092                     # 2050 "C:\Program Files (x86)\Microchip\xc8\v2.00\pic\include\pic16f887.h"
   340                           SSPADD equ 093h ;# 
   341  0093                     # 2057 "C:\Program Files (x86)\Microchip\xc8\v2.00\pic\include\pic16f887.h"
   342                           SSPMSK equ 093h ;# 
   343  0093                     # 2062 "C:\Program Files (x86)\Microchip\xc8\v2.00\pic\include\pic16f887.h"
   344                           MSK equ 093h ;# 
   345  0093                     # 2179 "C:\Program Files (x86)\Microchip\xc8\v2.00\pic\include\pic16f887.h"
   346                           SSPSTAT equ 094h ;# 
   347  0094                     # 2348 "C:\Program Files (x86)\Microchip\xc8\v2.00\pic\include\pic16f887.h"
   348                           WPUB equ 095h ;# 
   349  0095                     # 2418 "C:\Program Files (x86)\Microchip\xc8\v2.00\pic\include\pic16f887.h"
   350                           IOCB equ 096h ;# 
   351  0096                     # 2488 "C:\Program Files (x86)\Microchip\xc8\v2.00\pic\include\pic16f887.h"
   352                           VRCON equ 097h ;# 
   353  0097                     # 2558 "C:\Program Files (x86)\Microchip\xc8\v2.00\pic\include\pic16f887.h"
   354                           TXSTA equ 098h ;# 
   355  0098                     # 2644 "C:\Program Files (x86)\Microchip\xc8\v2.00\pic\include\pic16f887.h"
   356                           SPBRG equ 099h ;# 
   357  0099                     # 2706 "C:\Program Files (x86)\Microchip\xc8\v2.00\pic\include\pic16f887.h"
   358                           SPBRGH equ 09Ah ;# 
   359  009A                     # 2776 "C:\Program Files (x86)\Microchip\xc8\v2.00\pic\include\pic16f887.h"
   360                           PWM1CON equ 09Bh ;# 
   361  009B                     # 2846 "C:\Program Files (x86)\Microchip\xc8\v2.00\pic\include\pic16f887.h"
   362                           ECCPAS equ 09Ch ;# 
   363  009C                     # 2928 "C:\Program Files (x86)\Microchip\xc8\v2.00\pic\include\pic16f887.h"
   364                           PSTRCON equ 09Dh ;# 
   365  009D                     # 2972 "C:\Program Files (x86)\Microchip\xc8\v2.00\pic\include\pic16f887.h"
   366                           ADRESL equ 09Eh ;# 
   367  009E                     # 2979 "C:\Program Files (x86)\Microchip\xc8\v2.00\pic\include\pic16f887.h"
   368                           ADCON1 equ 09Fh ;# 
   369  009F                     # 3013 "C:\Program Files (x86)\Microchip\xc8\v2.00\pic\include\pic16f887.h"
   370                           WDTCON equ 0105h ;# 
   371  0105                     # 3066 "C:\Program Files (x86)\Microchip\xc8\v2.00\pic\include\pic16f887.h"
   372                           CM1CON0 equ 0107h ;# 
   373  0107                     # 3131 "C:\Program Files (x86)\Microchip\xc8\v2.00\pic\include\pic16f887.h"
   374                           CM2CON0 equ 0108h ;# 
   375  0108                     # 3196 "C:\Program Files (x86)\Microchip\xc8\v2.00\pic\include\pic16f887.h"
   376                           CM2CON1 equ 0109h ;# 
   377  0109                     # 3247 "C:\Program Files (x86)\Microchip\xc8\v2.00\pic\include\pic16f887.h"
   378                           EEDATA equ 010Ch ;# 
   379  010C                     # 3252 "C:\Program Files (x86)\Microchip\xc8\v2.00\pic\include\pic16f887.h"
   380                           EEDAT equ 010Ch ;# 
   381  010C                     # 3259 "C:\Program Files (x86)\Microchip\xc8\v2.00\pic\include\pic16f887.h"
   382                           EEADR equ 010Dh ;# 
   383  010D                     # 3266 "C:\Program Files (x86)\Microchip\xc8\v2.00\pic\include\pic16f887.h"
   384                           EEDATH equ 010Eh ;# 
   385  010E                     # 3273 "C:\Program Files (x86)\Microchip\xc8\v2.00\pic\include\pic16f887.h"
   386                           EEADRH equ 010Fh ;# 
   387  010F                     # 3280 "C:\Program Files (x86)\Microchip\xc8\v2.00\pic\include\pic16f887.h"
   388                           SRCON equ 0185h ;# 
   389  0185                     # 3337 "C:\Program Files (x86)\Microchip\xc8\v2.00\pic\include\pic16f887.h"
   390                           BAUDCTL equ 0187h ;# 
   391  0187                     # 3389 "C:\Program Files (x86)\Microchip\xc8\v2.00\pic\include\pic16f887.h"
   392                           ANSEL equ 0188h ;# 
   393  0188                     # 3451 "C:\Program Files (x86)\Microchip\xc8\v2.00\pic\include\pic16f887.h"
   394                           ANSELH equ 0189h ;# 
   395  0189                     # 3501 "C:\Program Files (x86)\Microchip\xc8\v2.00\pic\include\pic16f887.h"
   396                           EECON1 equ 018Ch ;# 
   397  018C                     # 3546 "C:\Program Files (x86)\Microchip\xc8\v2.00\pic\include\pic16f887.h"
   398                           EECON2 equ 018Dh ;# 
   399  018D                     	FNCALL	_main,_LCD_init
   400                           	FNCALL	_main,_LCD_on
   401                           	FNCALL	_main,_LCD_printChar
   402                           	FNROOT	_main
   403                           	global	_PORTDbits
   404                           _PORTDbits	set	0x8
   405  0008                     	global	_PORTB
   406                           _PORTB	set	0x6
   407  0006                     	global	_TRISB
   408                           _TRISB	set	0x86
   409  0086                     	global	_TRISDbits
   410                           _TRISDbits	set	0x88
   411  0088                     	global	_ANSELH
   412                           _ANSELH	set	0x189
   413  0189                     ; #config settings
   414                           global __CFG_FOSC$INTRC_NOCLKOUT
   415                           __CFG_FOSC$INTRC_NOCLKOUT equ 0x0
   416  0000                     global __CFG_WDTE$OFF
   417                           __CFG_WDTE$OFF equ 0x0
   418  0000                     global __CFG_PWRTE$OFF
   419                           __CFG_PWRTE$OFF equ 0x0
   420  0000                     global __CFG_MCLRE$OFF
   421                           __CFG_MCLRE$OFF equ 0x0
   422  0000                     global __CFG_CP$OFF
   423                           __CFG_CP$OFF equ 0x0
   424  0000                     global __CFG_CPD$OFF
   425                           __CFG_CPD$OFF equ 0x0
   426  0000                     global __CFG_BOREN$OFF
   427                           __CFG_BOREN$OFF equ 0x0
   428  0000                     global __CFG_IESO$OFF
   429                           __CFG_IESO$OFF equ 0x0
   430  0000                     global __CFG_FCMEN$OFF
   431                           __CFG_FCMEN$OFF equ 0x0
   432  0000                     global __CFG_LVP$OFF
   433                           __CFG_LVP$OFF equ 0x0
   434  0000                     global __CFG_BOR4V$BOR40V
   435                           __CFG_BOR4V$BOR40V equ 0x0
   436  0000                     global __CFG_WRT$OFF
   437                           __CFG_WRT$OFF equ 0x0
   438  0000                     	file	"C:\Users\20185092\AppData\Local\Temp\scds."
   439                           	line	#
   440                           psect cinit,class=CODE,delta=2
   441                           global start_initialization
   442                           start_initialization:
   443  07FC                     
   444                           global __initialization
   445                           __initialization:
   446  07FC                     psect cinit,class=CODE,delta=2,merge=1
   447                           global end_of_initialization,__end_of__initialization
   448                           
   449                           ;End of C runtime variable initialization code
   450                           
   451                           end_of_initialization:
   452  07FC                     __end_of__initialization:
   453  07FC                     clrf status
   454  07FC  0183               ljmp _main	;jump to C main() function
   455  07FD  120A  118A  2FD0   psect	cstackCOMMON,class=COMMON,space=1,noexec
   456                           global __pcstackCOMMON
   457                           __pcstackCOMMON:
   458  0070                     ?_LCD_init:	; 1 bytes @ 0x0
   459  0070                     ??_LCD_init:	; 1 bytes @ 0x0
   460  0070                     ?_LCD_on:	; 1 bytes @ 0x0
   461  0070                     ??_LCD_on:	; 1 bytes @ 0x0
   462  0070                     ?_LCD_printChar:	; 1 bytes @ 0x0
   463  0070                     ??_LCD_printChar:	; 1 bytes @ 0x0
   464  0070                     ?_main:	; 1 bytes @ 0x0
   465  0070                     	ds	1
   466  0070                     	global	LCD_printChar@c
   467                           LCD_printChar@c:	; 1 bytes @ 0x1
   468  0071                     	ds	1
   469  0071                     ??_main:	; 1 bytes @ 0x2
   470  0072                     ;!
   471                           ;!Data Sizes:
   472                           ;!    Strings     0
   473                           ;!    Constant    0
   474                           ;!    Data        0
   475                           ;!    BSS         0
   476                           ;!    Persistent  0
   477                           ;!    Stack       0
   478                           ;!
   479                           ;!Auto Spaces:
   480                           ;!    Space          Size  Autos    Used
   481                           ;!    COMMON           14      2       2
   482                           ;!    BANK0            80      0       0
   483                           ;!    BANK1            80      0       0
   484                           ;!    BANK3            96      0       0
   485                           ;!    BANK2            96      0       0
   486                           
   487                           ;!
   488                           ;!Pointer List with Targets:
   489                           ;!
   490                           ;!    None.
   491                           
   492                           
   493                           ;!
   494                           ;!Critical Paths under _main in COMMON
   495                           ;!
   496                           ;!    _main->_LCD_printChar
   497                           ;!
   498                           ;!Critical Paths under _main in BANK0
   499                           ;!
   500                           ;!    None.
   501                           ;!
   502                           ;!Critical Paths under _main in BANK1
   503                           ;!
   504                           ;!    None.
   505                           ;!
   506                           ;!Critical Paths under _main in BANK3
   507                           ;!
   508                           ;!    None.
   509                           ;!
   510                           ;!Critical Paths under _main in BANK2
   511                           ;!
   512                           ;!    None.
   513                           
   514 ;;
   515 ;;Main: autosize = 0, tempsize = 0, incstack = 0, save=0
   516 ;;
   517                           
   518                           ;!
   519                           ;!Call Graph Tables:
   520                           ;!
   521                           ;! ---------------------------------------------------------------------------------
   522                           ;! (Depth) Function   	        Calls       Base Space   Used Autos Params    Refs
   523                           ;! ---------------------------------------------------------------------------------
   524                           ;! (0) _main                                                 0     0      0      15
   525                           ;!                           _LCD_init
   526                           ;!                             _LCD_on
   527                           ;!                      _LCD_printChar
   528                           ;! ---------------------------------------------------------------------------------
   529                           ;! (1) _LCD_printChar                                        2     2      0      15
   530                           ;!                                              0 COMMON     2     2      0
   531                           ;! ---------------------------------------------------------------------------------
   532                           ;! (1) _LCD_on                                               1     1      0       0
   533                           ;!                                              0 COMMON     1     1      0
   534                           ;! ---------------------------------------------------------------------------------
   535                           ;! (1) _LCD_init                                             0     0      0       0
   536                           ;! ---------------------------------------------------------------------------------
   537                           ;! Estimated maximum stack depth 1
   538                           ;! ---------------------------------------------------------------------------------
   539                           ;!
   540                           ;! Call Graph Graphs:
   541                           ;!
   542                           ;! _main (ROOT)
   543                           ;!   _LCD_init
   544                           ;!   _LCD_on
   545                           ;!   _LCD_printChar
   546                           ;!
   547                           
   548                           ;! Address spaces:
   549                           
   550                           ;!Name               Size   Autos  Total    Cost      Usage
   551                           ;!BITCOMMON            E      0       0       0        0.0%
   552                           ;!EEDATA             100      0       0       0        0.0%
   553                           ;!NULL                 0      0       0       0        0.0%
   554                           ;!CODE                 0      0       0       0        0.0%
   555                           ;!COMMON               E      2       2       1       14.3%
   556                           ;!BITSFR0              0      0       0       1        0.0%
   557                           ;!SFR0                 0      0       0       1        0.0%
   558                           ;!BITSFR1              0      0       0       2        0.0%
   559                           ;!SFR1                 0      0       0       2        0.0%
   560                           ;!STACK                0      0       0       2        0.0%
   561                           ;!ABS                  0      0       0       3        0.0%
   562                           ;!BITBANK0            50      0       0       4        0.0%
   563                           ;!BITSFR3              0      0       0       4        0.0%
   564                           ;!SFR3                 0      0       0       4        0.0%
   565                           ;!BANK0               50      0       0       5        0.0%
   566                           ;!BITSFR2              0      0       0       5        0.0%
   567                           ;!SFR2                 0      0       0       5        0.0%
   568                           ;!BITBANK1            50      0       0       6        0.0%
   569                           ;!BANK1               50      0       0       7        0.0%
   570                           ;!BITBANK3            60      0       0       8        0.0%
   571                           ;!BANK3               60      0       0       9        0.0%
   572                           ;!BITBANK2            60      0       0      10        0.0%
   573                           ;!BANK2               60      0       0      11        0.0%
   574                           ;!DATA                 0      0       0      12        0.0%
   575                           
   576                           	global	_main
   577                           
   578 ;; *************** function _main *****************
   579 ;; Defined at:
   580 ;;		line 46 in file "main.c"
   581 ;; Parameters:    Size  Location     Type
   582 ;;		None
   583 ;; Auto vars:     Size  Location     Type
   584 ;;		None
   585 ;; Return value:  Size  Location     Type
   586 ;;                  1    wreg      void 
   587 ;; Registers used:
   588 ;;		wreg, status,2, status,0, pclath, cstack
   589 ;; Tracked objects:
   590 ;;		On entry : B00/0
   591 ;;		On exit  : 0/0
   592 ;;		Unchanged: 0/0
   593 ;; Data sizes:     COMMON   BANK0   BANK1   BANK3   BANK2
   594 ;;      Params:         0       0       0       0       0
   595 ;;      Locals:         0       0       0       0       0
   596 ;;      Temps:          0       0       0       0       0
   597 ;;      Totals:         0       0       0       0       0
   598 ;;Total ram usage:        0 bytes
   599 ;; Hardware stack levels required when called:    1
   600 ;; This function calls:
   601 ;;		_LCD_init
   602 ;;		_LCD_on
   603 ;;		_LCD_printChar
   604 ;; This function is called by:
   605 ;;		Startup code after reset
   606 ;; This function uses a non-reentrant model
   607 ;;
   608                           psect	maintext,global,class=CODE,delta=2,split=1,group=0
   609                           	file	"main.c"
   610                           	line	46
   611                           global __pmaintext
   612                           __pmaintext:	;psect for function _main
   613  07D0                     psect	maintext
   614                           	file	"main.c"
   615                           	line	46
   616                           	global	__size_of_main
   617                           	__size_of_main	equ	__end_of_main-_main
   618  002C                     	
   619                           _main:	
   620  07D0                     ;incstack = 0
   621                           	opt	stack 7
   622                           ; Regs used in _main: [wreg+status,2+status,0+pclath+cstack]
   623                           	line	48
   624                           	
   625                           l626:	
   626  07D0                     ;main.c: 48:     LCD_init();
   627                           	fcall	_LCD_init
   628  07D0  120A  118A  27C0  120A  118A  	line	49
   629                           	
   630                           l628:	
   631  07D5                     ;main.c: 49:     LCD_on();
   632                           	fcall	_LCD_on
   633  07D5  120A  118A  27A2  120A  118A  	line	50
   634                           	
   635                           l630:	
   636  07DA                     ;main.c: 50:     LCD_printChar( 0x53 );
   637                           	movlw	low(053h)
   638  07DA  3053               	fcall	_LCD_printChar
   639  07DB  120A  118A  27B1  120A  118A  	line	51
   640                           	
   641                           l632:	
   642  07E0                     ;main.c: 51:     LCD_printChar( 0x45 );
   643                           	movlw	low(045h)
   644  07E0  3045               	fcall	_LCD_printChar
   645  07E1  120A  118A  27B1  120A  118A  	line	52
   646                           	
   647                           l634:	
   648  07E6                     ;main.c: 52:     LCD_printChar( 0x4E );
   649                           	movlw	low(04Eh)
   650  07E6  304E               	fcall	_LCD_printChar
   651  07E7  120A  118A  27B1  120A  118A  	line	53
   652                           	
   653                           l636:	
   654  07EC                     ;main.c: 53:     LCD_printChar( 0x41 );
   655                           	movlw	low(041h)
   656  07EC  3041               	fcall	_LCD_printChar
   657  07ED  120A  118A  27B1  120A  118A  	line	54
   658                           	
   659                           l638:	
   660  07F2                     ;main.c: 54:     LCD_printChar( 0x49 );
   661                           	movlw	low(049h)
   662  07F2  3049               	fcall	_LCD_printChar
   663  07F3  120A  118A  27B1  120A  118A  	line	56
   664                           ;main.c: 56:  while( 1 )
   665                           	
   666                           l26:	
   667  07F8                     	line	58
   668                           ;main.c: 57: {;main.c: 58: }
   669                           	
   670                           l27:	
   671  07F8                     	goto	l26
   672  07F8  2FF8               	
   673                           l28:	
   674  07F9                     	line	59
   675                           	
   676                           l29:	
   677  07F9                     	global	start
   678                           	ljmp	start
   679  07F9  120A  118A  2800   	opt stack 0
   680                           GLOBAL	__end_of_main
   681                           	__end_of_main:
   682  07FC                     	signat	_main,89
   683                           	global	_LCD_printChar
   684                           
   685 ;; *************** function _LCD_printChar *****************
   686 ;; Defined at:
   687 ;;		line 37 in file "main.c"
   688 ;; Parameters:    Size  Location     Type
   689 ;;  c               1    wreg     unsigned char 
   690 ;; Auto vars:     Size  Location     Type
   691 ;;  c               1    1[COMMON] unsigned char 
   692 ;; Return value:  Size  Location     Type
   693 ;;                  1    wreg      void 
   694 ;; Registers used:
   695 ;;		wreg
   696 ;; Tracked objects:
   697 ;;		On entry : 0/0
   698 ;;		On exit  : 0/0
   699 ;;		Unchanged: 0/0
   700 ;; Data sizes:     COMMON   BANK0   BANK1   BANK3   BANK2
   701 ;;      Params:         0       0       0       0       0
   702 ;;      Locals:         1       0       0       0       0
   703 ;;      Temps:          1       0       0       0       0
   704 ;;      Totals:         2       0       0       0       0
   705 ;;Total ram usage:        2 bytes
   706 ;; Hardware stack levels used:    1
   707 ;; This function calls:
   708 ;;		Nothing
   709 ;; This function is called by:
   710 ;;		_main
   711 ;; This function uses a non-reentrant model
   712 ;;
   713                           psect	text1,local,class=CODE,delta=2,merge=1,group=0
   714                           	line	37
   715                           global __ptext1
   716                           __ptext1:	;psect for function _LCD_printChar
   717  07B1                     psect	text1
   718                           	file	"main.c"
   719                           	line	37
   720                           	global	__size_of_LCD_printChar
   721                           	__size_of_LCD_printChar	equ	__end_of_LCD_printChar-_LCD_printChar
   722  000F                     	
   723                           _LCD_printChar:	
   724  07B1                     ;incstack = 0
   725                           	opt	stack 7
   726                           ; Regs used in _LCD_printChar: [wreg]
   727                           ;LCD_printChar@c stored from wreg
   728                           	movwf	(LCD_printChar@c)
   729  07B1  00F1               	line	39
   730                           	
   731                           l618:	
   732  07B2                     ;main.c: 37: void LCD_printChar(char c);main.c: 38: {;main.c: 39:     PORTDbits.RD6 = 1;
                                 
   733                           	bcf	status, 5	;RP0=0, select bank0
   734  07B2  1283               	bcf	status, 6	;RP1=0, select bank0
   735  07B3  1303               	bsf	(8),6	;volatile
   736  07B4  1708               	line	40
   737                           	
   738                           l620:	
   739  07B5                     ;main.c: 40:     PORTB = c;
   740                           	movf	(LCD_printChar@c),w
   741  07B5  0871               	movwf	(6)	;volatile
   742  07B6  0086               	line	41
   743                           	
   744                           l622:	
   745  07B7                     ;main.c: 41:     PORTDbits.RD7 = 0;
   746                           	bcf	(8),7	;volatile
   747  07B7  1388               	line	42
   748                           ;main.c: 42:     _delay((unsigned long)((40)*(4000000/4000000.0)));
   749                           	opt asmopt_push
   750                           opt asmopt_off
   751                           	movlw	13
   752  07B8  300D               movwf	((??_LCD_printChar+0)+0),f
   753  07B9  00F0               	u17:
   754  07BA                     decfsz	(??_LCD_printChar+0)+0,f
   755  07BA  0BF0               	goto	u17
   756  07BB  2FBA               opt asmopt_pop
   757                           
   758                           	line	43
   759                           	
   760                           l624:	
   761  07BC                     ;main.c: 43:     PORTDbits.RD7 = 1;
   762                           	bcf	status, 5	;RP0=0, select bank0
   763  07BC  1283               	bcf	status, 6	;RP1=0, select bank0
   764  07BD  1303               	bsf	(8),7	;volatile
   765  07BE  1788               	line	44
   766                           	
   767                           l21:	
   768  07BF                     	return
   769  07BF  0008               	opt stack 0
   770                           GLOBAL	__end_of_LCD_printChar
   771                           	__end_of_LCD_printChar:
   772  07C0                     	signat	_LCD_printChar,4217
   773                           	global	_LCD_on
   774                           
   775 ;; *************** function _LCD_on *****************
   776 ;; Defined at:
   777 ;;		line 27 in file "main.c"
   778 ;; Parameters:    Size  Location     Type
   779 ;;		None
   780 ;; Auto vars:     Size  Location     Type
   781 ;;		None
   782 ;; Return value:  Size  Location     Type
   783 ;;                  1    wreg      void 
   784 ;; Registers used:
   785 ;;		wreg
   786 ;; Tracked objects:
   787 ;;		On entry : 0/0
   788 ;;		On exit  : 0/0
   789 ;;		Unchanged: 0/0
   790 ;; Data sizes:     COMMON   BANK0   BANK1   BANK3   BANK2
   791 ;;      Params:         0       0       0       0       0
   792 ;;      Locals:         0       0       0       0       0
   793 ;;      Temps:          1       0       0       0       0
   794 ;;      Totals:         1       0       0       0       0
   795 ;;Total ram usage:        1 bytes
   796 ;; Hardware stack levels used:    1
   797 ;; This function calls:
   798 ;;		Nothing
   799 ;; This function is called by:
   800 ;;		_main
   801 ;; This function uses a non-reentrant model
   802 ;;
   803                           psect	text2,local,class=CODE,delta=2,merge=1,group=0
   804                           	line	27
   805                           global __ptext2
   806                           __ptext2:	;psect for function _LCD_on
   807  07A2                     psect	text2
   808                           	file	"main.c"
   809                           	line	27
   810                           	global	__size_of_LCD_on
   811                           	__size_of_LCD_on	equ	__end_of_LCD_on-_LCD_on
   812  000F                     	
   813                           _LCD_on:	
   814  07A2                     ;incstack = 0
   815                           	opt	stack 7
   816                           ; Regs used in _LCD_on: [wreg]
   817                           	line	29
   818                           	
   819                           l610:	
   820  07A2                     ;main.c: 29:     PORTDbits.RD6 = 0;
   821                           	bcf	status, 5	;RP0=0, select bank0
   822  07A2  1283               	bcf	status, 6	;RP1=0, select bank0
   823  07A3  1303               	bcf	(8),6	;volatile
   824  07A4  1308               	line	30
   825                           ;main.c: 30:     PORTDbits.RD7 = 1;
   826                           	bsf	(8),7	;volatile
   827  07A5  1788               	line	31
   828                           	
   829                           l612:	
   830  07A6                     ;main.c: 31:     PORTB = 0x0F;
   831                           	movlw	low(0Fh)
   832  07A6  300F               	movwf	(6)	;volatile
   833  07A7  0086               	line	32
   834                           	
   835                           l614:	
   836  07A8                     ;main.c: 32:     PORTDbits.RD7 = 0;
   837                           	bcf	(8),7	;volatile
   838  07A8  1388               	line	33
   839                           ;main.c: 33:     _delay((unsigned long)((40)*(4000000/4000000.0)));
   840                           	opt asmopt_push
   841                           opt asmopt_off
   842                           	movlw	13
   843  07A9  300D               movwf	((??_LCD_on+0)+0),f
   844  07AA  00F0               	u27:
   845  07AB                     decfsz	(??_LCD_on+0)+0,f
   846  07AB  0BF0               	goto	u27
   847  07AC  2FAB               opt asmopt_pop
   848                           
   849                           	line	34
   850                           	
   851                           l616:	
   852  07AD                     ;main.c: 34:     PORTDbits.RD7 = 1;
   853                           	bcf	status, 5	;RP0=0, select bank0
   854  07AD  1283               	bcf	status, 6	;RP1=0, select bank0
   855  07AE  1303               	bsf	(8),7	;volatile
   856  07AF  1788               	line	35
   857                           	
   858                           l18:	
   859  07B0                     	return
   860  07B0  0008               	opt stack 0
   861                           GLOBAL	__end_of_LCD_on
   862                           	__end_of_LCD_on:
   863  07B1                     	signat	_LCD_on,89
   864                           	global	_LCD_init
   865                           
   866 ;; *************** function _LCD_init *****************
   867 ;; Defined at:
   868 ;;		line 15 in file "main.c"
   869 ;; Parameters:    Size  Location     Type
   870 ;;		None
   871 ;; Auto vars:     Size  Location     Type
   872 ;;		None
   873 ;; Return value:  Size  Location     Type
   874 ;;                  1    wreg      void 
   875 ;; Registers used:
   876 ;;		status,2
   877 ;; Tracked objects:
   878 ;;		On entry : 0/0
   879 ;;		On exit  : 0/0
   880 ;;		Unchanged: 0/0
   881 ;; Data sizes:     COMMON   BANK0   BANK1   BANK3   BANK2
   882 ;;      Params:         0       0       0       0       0
   883 ;;      Locals:         0       0       0       0       0
   884 ;;      Temps:          0       0       0       0       0
   885 ;;      Totals:         0       0       0       0       0
   886 ;;Total ram usage:        0 bytes
   887 ;; Hardware stack levels used:    1
   888 ;; This function calls:
   889 ;;		Nothing
   890 ;; This function is called by:
   891 ;;		_main
   892 ;; This function uses a non-reentrant model
   893 ;;
   894                           psect	text3,local,class=CODE,delta=2,merge=1,group=0
   895                           	line	15
   896                           global __ptext3
   897                           __ptext3:	;psect for function _LCD_init
   898  07C0                     psect	text3
   899                           	file	"main.c"
   900                           	line	15
   901                           	global	__size_of_LCD_init
   902                           	__size_of_LCD_init	equ	__end_of_LCD_init-_LCD_init
   903  0010                     	
   904                           _LCD_init:	
   905  07C0                     ;incstack = 0
   906                           	opt	stack 7
   907                           ; Regs used in _LCD_init: [status,2]
   908                           	line	17
   909                           	
   910                           l602:	
   911  07C0                     ;main.c: 17:     TRISDbits.TRISD7 = 0;
   912                           	bsf	status, 5	;RP0=1, select bank1
   913  07C0  1683               	bcf	status, 6	;RP1=0, select bank1
   914  07C1  1303               	bcf	(136)^080h,7	;volatile
   915  07C2  1388               	line	18
   916                           ;main.c: 18:     TRISDbits.TRISD6 = 0;
   917                           	bcf	(136)^080h,6	;volatile
   918  07C3  1308               	line	19
   919                           	
   920                           l604:	
   921  07C4                     ;main.c: 19:     ANSELH = 0;
   922                           	bsf	status, 5	;RP0=1, select bank3
   923  07C4  1683               	bsf	status, 6	;RP1=1, select bank3
   924  07C5  1703               	clrf	(393)^0180h	;volatile
   925  07C6  0189               	line	20
   926                           ;main.c: 20:     TRISB = 0x00;
   927                           	bsf	status, 5	;RP0=1, select bank1
   928  07C7  1683               	bcf	status, 6	;RP1=0, select bank1
   929  07C8  1303               	clrf	(134)^080h	;volatile
   930  07C9  0186               	line	22
   931                           ;main.c: 22:     PORTB = 0x00;
   932                           	bcf	status, 5	;RP0=0, select bank0
   933  07CA  1283               	bcf	status, 6	;RP1=0, select bank0
   934  07CB  1303               	clrf	(6)	;volatile
   935  07CC  0186               	line	23
   936                           	
   937                           l606:	
   938  07CD                     ;main.c: 23:     PORTDbits.RD7 = 1;
   939                           	bsf	(8),7	;volatile
   940  07CD  1788               	line	24
   941                           	
   942                           l608:	
   943  07CE                     ;main.c: 24:     PORTDbits.RD6 = 0;
   944                           	bcf	(8),6	;volatile
   945  07CE  1308               	line	25
   946                           	
   947                           l15:	
   948  07CF                     	return
   949  07CF  0008               	opt stack 0
   950                           GLOBAL	__end_of_LCD_init
   951                           	__end_of_LCD_init:
   952  07D0                     	signat	_LCD_init,89
   953                           global	___latbits
   954                           ___latbits	equ	2
   955  0002                     	global	btemp
   956                           	btemp set 07Eh
   957  007E                     
   958                           	DABS	1,126,2	;btemp
   959                           	global	wtemp0
   960                           	wtemp0 set btemp+0
   961  007E                     	end


Data Sizes:
    Strings     0
    Constant    0
    Data        0
    BSS         0
    Persistent  0
    Stack       0

Auto Spaces:
    Space          Size  Autos    Used
    COMMON           14      2       2
    BANK0            80      0       0
    BANK1            80      0       0
    BANK3            96      0       0
    BANK2            96      0       0

Pointer List with Targets:

    None.

Critical Paths under _main in COMMON

    _main->_LCD_printChar

Critical Paths under _main in BANK0

    None.

Critical Paths under _main in BANK1

    None.

Critical Paths under _main in BANK3

    None.

Critical Paths under _main in BANK2

    None.

Call Graph Tables:

 ---------------------------------------------------------------------------------
 (Depth) Function   	        Calls       Base Space   Used Autos Params    Refs
 ---------------------------------------------------------------------------------
 (0) _main                                                 0     0      0      15
                           _LCD_init
                             _LCD_on
                      _LCD_printChar
 ---------------------------------------------------------------------------------
 (1) _LCD_printChar                                        2     2      0      15
                                              0 COMMON     2     2      0
 ---------------------------------------------------------------------------------
 (1) _LCD_on                                               1     1      0       0
                                              0 COMMON     1     1      0
 ---------------------------------------------------------------------------------
 (1) _LCD_init                                             0     0      0       0
 ---------------------------------------------------------------------------------
 Estimated maximum stack depth 1
 ---------------------------------------------------------------------------------

 Call Graph Graphs:

 _main (ROOT)
   _LCD_init
   _LCD_on
   _LCD_printChar

 Address spaces:
Name               Size   Autos  Total    Cost      Usage
BITCOMMON            E      0       0       0        0.0%
EEDATA             100      0       0       0        0.0%
NULL                 0      0       0       0        0.0%
CODE                 0      0       0       0        0.0%
COMMON               E      2       2       1       14.3%
BITSFR0              0      0       0       1        0.0%
SFR0                 0      0       0       1        0.0%
BITSFR1              0      0       0       2        0.0%
SFR1                 0      0       0       2        0.0%
STACK                0      0       0       2        0.0%
ABS                  0      0       0       3        0.0%
BITBANK0            50      0       0       4        0.0%
BITSFR3              0      0       0       4        0.0%
SFR3                 0      0       0       4        0.0%
BANK0               50      0       0       5        0.0%
BITSFR2              0      0       0       5        0.0%
SFR2                 0      0       0       5        0.0%
BITBANK1            50      0       0       6        0.0%
BANK1               50      0       0       7        0.0%
BITBANK3            60      0       0       8        0.0%
BANK3               60      0       0       9        0.0%
BITBANK2            60      0       0      10        0.0%
BANK2               60      0       0      11        0.0%
DATA                 0      0       0      12        0.0%


Microchip Technology PIC Macro Assembler V2.00 build -1524193055 
Symbol Table                                                                                   Thu Apr 22 13:35:41 2021

             __CFG_CP$OFF 0000                        l21 07BF                        l15 07CF  
                      l18 07B0                        l26 07F8                        l27 07F8  
                      l28 07F9                        l29 07F9                        u17 07BA  
                      u27 07AB                       l602 07C0                       l610 07A2  
                     l604 07C4                       l612 07A6                       l620 07B5  
                     l606 07CD                       l614 07A8                       l622 07B7  
                     l630 07DA                       l608 07CE                       l616 07AD  
                     l624 07BC                       l632 07E0                       l618 07B2  
                     l634 07E6                       l626 07D0                       l636 07EC  
                     l628 07D5                       l638 07F2              __CFG_CPD$OFF 0000  
            __CFG_LVP$OFF 0000              __CFG_WRT$OFF 0000                      _main 07D0  
                    btemp 007E                      start 0000             __CFG_IESO$OFF 0000  
  __size_of_LCD_printChar 000F          __end_of_LCD_init 07D0                     ?_main 0070  
           __CFG_WDTE$OFF 0000                     _PORTB 0006                     _TRISB 0086  
          __CFG_FCMEN$OFF 0000            __CFG_BOREN$OFF 0000                     status 0003  
                   wtemp0 007E            __CFG_MCLRE$OFF 0000           __initialization 07FC  
            __end_of_main 07FC                    ??_main 0072             _LCD_printChar 07B1  
                  _ANSELH 0189                    _LCD_on 07A2            __CFG_PWRTE$OFF 0000  
          LCD_printChar@c 0071            ?_LCD_printChar 0070   __end_of__initialization 07FC  
               ?_LCD_init 0070            __pcstackCOMMON 0070                   ?_LCD_on 0070  
              ??_LCD_init 0070                __pmaintext 07D0           ??_LCD_printChar 0070  
         __size_of_LCD_on 000F                   __ptext1 07B1                   __ptext2 07A2  
                 __ptext3 07C0      end_of_initialization 07FC                 _PORTDbits 0008  
               _TRISDbits 0088            __end_of_LCD_on 07B1         __size_of_LCD_init 0010  
     start_initialization 07FC                  ??_LCD_on 0070  __CFG_FOSC$INTRC_NOCLKOUT 0000  
               ___latbits 0002     __end_of_LCD_printChar 07C0                  _LCD_init 07C0  
       __CFG_BOR4V$BOR40V 0000             __size_of_main 002C  
